<?xml version="1.0" encoding="UTF-8"?>
<testsuite xmlns:xsi="http://www.w3.org/2001/XMLSchema-instance" xsi:noNamespaceSchemaLocation="https://maven.apache.org/surefire/maven-surefire-plugin/xsd/surefire-test-report-3.0.xsd" version="3.0" name="com.example.JUnit2.AppTest" time="0.043" tests="3" errors="0" skipped="1" failures="2">
  <properties>
[...]
</properties>
  <testcase name="myTest1" classname="com.example.JUnit2.AppTest" time="0.018">
    <failure type="org.opentest4j.AssertionFailedError"><![CDATA[org.opentest4j.AssertionFailedError: TEst Case Failded
	at com.example.JUnit2.AppTest.myTest1(AppTest.java:160)
]]></failure>
    <system-out><![CDATA[[MyTestAnnotations] Before All - initAll
[MyTestAnnotations] Before Each - init
[MyTestAnnotations] Test Case1  - myTest1
[MyTestAnnotations] AFter each - destroy
]]></system-out>
  </testcase>
  <testcase name="myTest2" classname="com.example.JUnit2.AppTest" time="0.001">
    <failure type="org.opentest4j.AssertionFailedError"><![CDATA[org.opentest4j.AssertionFailedError: Test case failed 
	at com.example.JUnit2.AppTest.myTest2(AppTest.java:167)
]]></failure>
    <system-out><![CDATA[[MyTestAnnotations] Before Each - init
[MyTestAnnotations] Test Case2  - myTest2
[MyTestAnnotations] AFter each - destroy
]]></system-out>
  </testcase>
  <testcase name="myTest3" classname="com.example.JUnit2.AppTest" time="0">
    <skipped message="void com.example.JUnit2.AppTest.myTest3() is @Disabled"/>
  </testcase>
</testsuite>